# JRE version: OpenJDK Runtime Environment (11.0.10) (build 11.0.10+0-b96-7281165)
# Java VM: OpenJDK 64-Bit Server VM (11.0.10+0-b96-7281165, mixed mode, tiered, compressed oops, g1 gc, bsd-amd64)
Heap:
 garbage-first heap   total 378880K, used 278927K [0x0000000780000000, 0x0000000800000000)
  region size 1024K, 82 young (83968K), 11 survivors (11264K)
 Metaspace       used 113940K, capacity 116977K, committed 118820K, reserved 1150976K
  class space    used 14580K, capacity 15711K, committed 16512K, reserved 1048576K
GC Heap History (20 events):
Event: 24.690 GC heap before
{Heap before GC invocations=20 (full 0):
 garbage-first heap   total 315392K, used 234253K [0x0000000780000000, 0x0000000800000000)
  region size 1024K, 122 young (124928K), 6 survivors (6144K)
 Metaspace       used 101139K, capacity 103343K, committed 104612K, reserved 1140736K
  class space    used 12647K, capacity 13463K, committed 13824K, reserved 1048576K
}
Event: 24.713 GC heap after
{Heap after GC invocations=21 (full 0):
 garbage-first heap   total 315392K, used 119268K [0x0000000780000000, 0x0000000800000000)
  region size 1024K, 10 young (10240K), 10 survivors (10240K)
 Metaspace       used 101139K, capacity 103343K, committed 104612K, reserved 1140736K
  class space    used 12647K, capacity 13463K, committed 13824K, reserved 1048576K
}
Event: 24.734 GC heap before
{Heap before GC invocations=21 (full 0):
 garbage-first heap   total 315392K, used 123364K [0x0000000780000000, 0x0000000800000000)
  region size 1024K, 15 young (15360K), 10 survivors (10240K)
 Metaspace       used 101162K, capacity 103349K, committed 104612K, reserved 1140736K
  class space    used 12647K, capacity 13463K, committed 13824K, reserved 1048576K
}
Event: 24.748 GC heap after
{Heap after GC invocations=22 (full 0):
 garbage-first heap   total 315392K, used 111461K [0x0000000780000000, 0x0000000800000000)
  region size 1024K, 2 young (2048K), 2 survivors (2048K)
 Metaspace       used 101162K, capacity 103349K, committed 104612K, reserved 1140736K
  class space    used 12647K, capacity 13463K, committed 13824K, reserved 1048576K
}
Event: 25.362 GC heap before
{Heap before GC invocations=22 (full 0):
 garbage-first heap   total 315392K, used 241509K [0x0000000780000000, 0x0000000800000000)
  region size 1024K, 124 young (126976K), 2 survivors (2048K)
 Metaspace       used 102832K, capacity 105096K, committed 106020K, reserved 1140736K
  class space    used 12873K, capacity 13719K, committed 13952K, reserved 1048576K
}
Event: 25.381 GC heap after
{Heap after GC invocations=23 (full 0):
 garbage-first heap   total 315392K, used 129233K [0x0000000780000000, 0x0000000800000000)
  region size 1024K, 16 young (16384K), 16 survivors (16384K)
 Metaspace       used 102832K, capacity 105096K, committed 106020K, reserved 1140736K
  class space    used 12873K, capacity 13719K, committed 13952K, reserved 1048576K
}
Event: 26.913 GC heap before
{Heap before GC invocations=23 (full 0):
 garbage-first heap   total 315392K, used 241873K [0x0000000780000000, 0x0000000800000000)
  region size 1024K, 127 young (130048K), 16 survivors (16384K)
 Metaspace       used 111288K, capacity 114453K, committed 114724K, reserved 1148928K
  class space    used 14396K, capacity 15680K, committed 15744K, reserved 1048576K
}
Event: 26.952 GC heap after
{Heap after GC invocations=24 (full 0):
 garbage-first heap   total 315392K, used 150295K [0x0000000780000000, 0x0000000800000000)
  region size 1024K, 16 young (16384K), 16 survivors (16384K)
 Metaspace       used 111288K, capacity 114453K, committed 114724K, reserved 1148928K
  class space    used 14396K, capacity 15680K, committed 15744K, reserved 1048576K
}
Event: 28.252 GC heap before
{Heap before GC invocations=24 (full 0):
 garbage-first heap   total 315392K, used 242455K [0x0000000780000000, 0x0000000800000000)
  region size 1024K, 107 young (109568K), 16 survivors (16384K)
 Metaspace       used 113755K, capacity 117201K, committed 117284K, reserved 1150976K
  class space    used 14832K, capacity 16236K, committed 16256K, reserved 1048576K
}
Event: 28.282 GC heap after
{Heap after GC invocations=25 (full 0):
 garbage-first heap   total 315392K, used 160861K [0x0000000780000000, 0x0000000800000000)
  region size 1024K, 11 young (11264K), 11 survivors (11264K)
 Metaspace       used 113755K, capacity 117201K, committed 117284K, reserved 1150976K
  class space    used 14832K, capacity 16236K, committed 16256K, reserved 1048576K
}
Event: 28.786 GC heap before
{Heap before GC invocations=25 (full 0):
 garbage-first heap   total 315392K, used 247901K [0x0000000780000000, 0x0000000800000000)
  region size 1024K, 97 young (99328K), 11 survivors (11264K)
 Metaspace       used 114065K, capacity 117664K, committed 117924K, reserved 1150976K
  class space    used 14890K, capacity 16327K, committed 16384K, reserved 1048576K
}
Event: 28.833 GC heap after
{Heap after GC invocations=26 (full 0):
 garbage-first heap   total 378880K, used 177881K [0x0000000780000000, 0x0000000800000000)
  region size 1024K, 13 young (13312K), 13 survivors (13312K)
 Metaspace       used 114065K, capacity 117664K, committed 117924K, reserved 1150976K
  class space    used 14890K, capacity 16327K, committed 16384K, reserved 1048576K
}
Event: 29.622 GC heap before
{Heap before GC invocations=26 (full 0):
 garbage-first heap   total 378880K, used 280281K [0x0000000780000000, 0x0000000800000000)
  region size 1024K, 118 young (120832K), 13 survivors (13312K)
 Metaspace       used 113041K, capacity 115973K, committed 117924K, reserved 1150976K
  class space    used 14517K, capacity 15628K, committed 16384K, reserved 1048576K
}
Event: 29.651 GC heap after
{Heap after GC invocations=27 (full 0):
 garbage-first heap   total 378880K, used 190433K [0x0000000780000000, 0x0000000800000000)
  region size 1024K, 15 young (15360K), 15 survivors (15360K)
 Metaspace       used 113041K, capacity 115973K, committed 117924K, reserved 1150976K
  class space    used 14517K, capacity 15628K, committed 16384K, reserved 1048576K
}
Event: 30.564 GC heap before
{Heap before GC invocations=28 (full 0):
 garbage-first heap   total 378880K, used 291809K [0x0000000780000000, 0x0000000800000000)
  region size 1024K, 114 young (116736K), 15 survivors (15360K)
 Metaspace       used 113208K, capacity 116210K, committed 118180K, reserved 1150976K
  class space    used 14525K, capacity 15661K, committed 16384K, reserved 1048576K
}
Event: 30.592 GC heap after
{Heap after GC invocations=29 (full 0):
 garbage-first heap   total 378880K, used 208531K [0x0000000780000000, 0x0000000800000000)
  region size 1024K, 15 young (15360K), 15 survivors (15360K)
 Metaspace       used 113208K, capacity 116210K, committed 118180K, reserved 1150976K
  class space    used 14525K, capacity 15661K, committed 16384K, reserved 1048576K
}
Event: 30.613 GC heap before
{Heap before GC invocations=29 (full 0):
 garbage-first heap   total 378880K, used 211603K [0x0000000780000000, 0x0000000800000000)
  region size 1024K, 18 young (18432K), 15 survivors (15360K)
 Metaspace       used 113208K, capacity 116210K, committed 118180K, reserved 1150976K
  class space    used 14525K, capacity 15661K, committed 16384K, reserved 1048576K
}
Event: 30.638 GC heap after
{Heap after GC invocations=30 (full 0):
 garbage-first heap   total 378880K, used 198783K [0x0000000780000000, 0x0000000800000000)
  region size 1024K, 3 young (3072K), 3 survivors (3072K)
 Metaspace       used 113208K, capacity 116210K, committed 118180K, reserved 1150976K
  class space    used 14525K, capacity 15661K, committed 16384K, reserved 1048576K
}
Event: 31.318 GC heap before
{Heap before GC invocations=30 (full 0):
 garbage-first heap   total 378880K, used 294015K [0x0000000780000000, 0x0000000800000000)
  region size 1024K, 97 young (99328K), 3 survivors (3072K)
 Metaspace       used 113645K, capacity 116691K, committed 118564K, reserved 1150976K
  class space    used 14570K, capacity 15704K, committed 16512K, reserved 1048576K
}
Event: 31.332 GC heap after
{Heap after GC invocations=31 (full 0):
 garbage-first heap   total 378880K, used 207247K [0x0000000780000000, 0x0000000800000000)
  region size 1024K, 11 young (11264K), 11 survivors (11264K)
 Metaspace       used 113645K, capacity 116691K, committed 118564K, reserved 1150976K
  class space    used 14570K, capacity 15704K, committed 16512K, reserved 1048576K
}

